{
  method: 'POST',
  url: '/api/v1/users/login',
  data: {
    ip: '::1',
    userAgent: 'PostmanRuntime/7.44.1',
    body: { email: 'usfer@a.com', password: 'password123' },
    query: {},
    params: {}
  },
  userId: 'anonymous',
  timestamp: '2025-06-30 10:43:50',
  level: 'info',
  message: 'API Request'
}
{
  method: 'POST',
  url: '/api/v1/users/login',
  data: {
    ip: '::1',
    userAgent: 'PostmanRuntime/7.44.1',
    body: { email: 'usfer@a.com', password: 'password123' },
    query: {},
    params: {},
    statusCode: 200,
    responseTime: '313ms'
  },
  userId: 'anonymous',
  timestamp: '2025-06-30 10:43:51',
  level: 'info',
  message: 'API Request'
}
{
  method: 'POST',
  url: '/api/v1/users/login',
  data: {
    ip: '::1',
    userAgent: 'PostmanRuntime/7.44.1',
    body: { email: 'usfer@a.com', password: 'password123' },
    query: {},
    params: {}
  },
  userId: 'anonymous',
  timestamp: '2025-06-30 10:47:17',
  level: 'info',
  message: 'API Request'
}
{
  method: 'POST',
  url: '/api/v1/users/login',
  data: {
    ip: '::1',
    userAgent: 'PostmanRuntime/7.44.1',
    body: { email: 'usfer@a.com', password: 'password123' },
    query: {},
    params: {},
    statusCode: 200,
    responseTime: '309ms'
  },
  userId: 'anonymous',
  timestamp: '2025-06-30 10:47:17',
  level: 'info',
  message: 'API Request'
}
{
  method: 'POST',
  url: '/api/v1/users/login',
  data: {
    ip: '::1',
    userAgent: 'PostmanRuntime/7.44.1',
    body: { email: 'usfer@a.com', password: 'pasfsword123' },
    query: {},
    params: {}
  },
  userId: 'anonymous',
  timestamp: '2025-06-30 10:50:39',
  level: 'info',
  message: 'API Request'
}
{
  method: 'POST',
  url: '/api/v1/users/login',
  data: {
    ip: '::1',
    userAgent: 'PostmanRuntime/7.44.1',
    body: { email: 'usfer@a.com', password: 'pasfsword123' },
    query: {},
    params: {},
    statusCode: 401,
    responseTime: '285ms'
  },
  userId: 'anonymous',
  timestamp: '2025-06-30 10:50:39',
  level: 'info',
  message: 'API Request'
}
{
  method: 'POST',
  url: '/api/v1/users/login',
  data: {
    ip: '::1',
    userAgent: 'PostmanRuntime/7.44.1',
    body: { email: 'usfer@a.com', password: 'password123' },
    query: {},
    params: {}
  },
  userId: 'anonymous',
  timestamp: '2025-06-30 10:51:30',
  level: 'info',
  message: 'API Request'
}
{
  method: 'POST',
  url: '/api/v1/users/login',
  data: {
    ip: '::1',
    userAgent: 'PostmanRuntime/7.44.1',
    body: { email: 'usfer@a.com', password: 'password123' },
    query: {},
    params: {},
    statusCode: 200,
    responseTime: '262ms'
  },
  userId: 'anonymous',
  timestamp: '2025-06-30 10:51:30',
  level: 'info',
  message: 'API Request'
}
