{
  method: 'GET',
  url: '/api/v1/health',
  data: {
    ip: '::1',
    userAgent: 'Mozilla/5.0 (Windows NT 10.0; Win64; x64) AppleWebKit/537.36 (KHTML, like Gecko) Chrome/138.0.0.0 Safari/537.36',
    body: undefined,
    query: {},
    params: {}
  },
  userId: 'anonymous',
  timestamp: '2025-06-27 13:40:11',
  level: 'info',
  message: 'API Request'
}
{
  method: 'GET',
  url: '/api/v1/health',
  data: {
    ip: '::1',
    userAgent: 'Mozilla/5.0 (Windows NT 10.0; Win64; x64) AppleWebKit/537.36 (KHTML, like Gecko) Chrome/138.0.0.0 Safari/537.36',
    body: undefined,
    query: {},
    params: {},
    statusCode: 200,
    responseTime: '28ms'
  },
  userId: 'anonymous',
  timestamp: '2025-06-27 13:40:11',
  level: 'info',
  message: 'API Request'
}
{
  method: 'POST',
  url: '/api/v1/login',
  data: {
    ip: '::1',
    userAgent: 'PostmanRuntime/7.44.1',
    body: { email: 'user@example.com', password: 'password123' },
    query: {},
    params: {}
  },
  userId: 'anonymous',
  timestamp: '2025-06-27 13:45:52',
  level: 'info',
  message: 'API Request'
}
{
  method: 'POST',
  url: '/api/v1/login',
  data: {
    ip: '::1',
    userAgent: 'PostmanRuntime/7.44.1',
    body: { email: 'user@example.com', password: 'password123' },
    query: {},
    params: {},
    statusCode: 404,
    responseTime: '2ms'
  },
  userId: 'anonymous',
  timestamp: '2025-06-27 13:45:52',
  level: 'info',
  message: 'API Request'
}
{
  method: 'POST',
  url: '/api/login',
  data: {
    ip: '::1',
    userAgent: 'PostmanRuntime/7.44.1',
    body: { email: 'user@example.com', password: 'password123' },
    query: {},
    params: {}
  },
  userId: 'anonymous',
  timestamp: '2025-06-27 13:46:04',
  level: 'info',
  message: 'API Request'
}
{
  method: 'POST',
  url: '/api/login',
  data: {
    ip: '::1',
    userAgent: 'PostmanRuntime/7.44.1',
    body: { email: 'user@example.com', password: 'password123' },
    query: {},
    params: {},
    statusCode: 404,
    responseTime: '1ms'
  },
  userId: 'anonymous',
  timestamp: '2025-06-27 13:46:04',
  level: 'info',
  message: 'API Request'
}
{
  method: 'POST',
  url: '/api/v1/users/login',
  data: {
    ip: '::1',
    userAgent: 'PostmanRuntime/7.44.1',
    body: { email: 'user@example.com', password: 'password123' },
    query: {},
    params: {}
  },
  userId: 'anonymous',
  timestamp: '2025-06-27 13:46:35',
  level: 'info',
  message: 'API Request'
}
{
  method: 'POST',
  url: '/api/v1/users/login',
  data: {
    ip: '::1',
    userAgent: 'PostmanRuntime/7.44.1',
    body: { email: 'user@example.com', password: 'password123' },
    query: {},
    params: {},
    statusCode: 401,
    responseTime: '75ms'
  },
  userId: 'anonymous',
  timestamp: '2025-06-27 13:46:35',
  level: 'info',
  message: 'API Request'
}
{
  method: 'POST',
  url: '/api/v1/users/login',
  data: {
    ip: '::1',
    userAgent: 'PostmanRuntime/7.44.1',
    body: { email: 'admin@example.com', password: 'admin123' },
    query: {},
    params: {}
  },
  userId: 'anonymous',
  timestamp: '2025-06-27 14:36:48',
  level: 'info',
  message: 'API Request'
}
{
  method: 'POST',
  url: '/api/v1/users/login',
  data: {
    ip: '::1',
    userAgent: 'PostmanRuntime/7.44.1',
    body: { email: 'admin@example.com', password: 'admin123' },
    query: {},
    params: {},
    statusCode: 401,
    responseTime: '287ms'
  },
  userId: 'anonymous',
  timestamp: '2025-06-27 14:36:48',
  level: 'info',
  message: 'API Request'
}
{
  method: 'GET',
  url: '/api/v1/users/login',
  data: {
    ip: '::1',
    userAgent: 'PostmanRuntime/7.44.1',
    body: undefined,
    query: {},
    params: {}
  },
  userId: 'anonymous',
  timestamp: '2025-06-27 14:43:31',
  level: 'info',
  message: 'API Request'
}
{
  method: 'GET',
  url: '/api/v1/users/login',
  data: {
    ip: '::1',
    userAgent: 'PostmanRuntime/7.44.1',
    body: undefined,
    query: {},
    params: {},
    statusCode: 401,
    responseTime: '20ms'
  },
  userId: 'anonymous',
  timestamp: '2025-06-27 14:43:31',
  level: 'info',
  message: 'API Request'
}
{
  method: 'GET',
  url: '/api/v1/users/login',
  data: {
    ip: '::1',
    userAgent: 'PostmanRuntime/7.44.1',
    body: undefined,
    query: {},
    params: {}
  },
  userId: 'anonymous',
  timestamp: '2025-06-27 14:45:47',
  level: 'info',
  message: 'API Request'
}
{
  method: 'GET',
  url: '/api/v1/users/login',
  data: {
    ip: '::1',
    userAgent: 'PostmanRuntime/7.44.1',
    body: undefined,
    query: {},
    params: {},
    statusCode: 401,
    responseTime: '12ms'
  },
  userId: 'anonymous',
  timestamp: '2025-06-27 14:45:47',
  level: 'info',
  message: 'API Request'
}
{
  method: 'GET',
  url: '/api/v1/users/login',
  data: {
    ip: '::1',
    userAgent: 'PostmanRuntime/7.44.1',
    body: undefined,
    query: {},
    params: {}
  },
  userId: 'anonymous',
  timestamp: '2025-06-27 14:46:03',
  level: 'info',
  message: 'API Request'
}
{
  method: 'GET',
  url: '/api/v1/users/login',
  data: {
    ip: '::1',
    userAgent: 'PostmanRuntime/7.44.1',
    body: undefined,
    query: {},
    params: {},
    statusCode: 401,
    responseTime: '14ms'
  },
  userId: 'anonymous',
  timestamp: '2025-06-27 14:46:03',
  level: 'info',
  message: 'API Request'
}
{
  method: 'GET',
  url: '/api/v1/users/login',
  data: {
    ip: '::1',
    userAgent: 'PostmanRuntime/7.44.1',
    body: undefined,
    query: {},
    params: {}
  },
  userId: 'anonymous',
  timestamp: '2025-06-27 14:50:43',
  level: 'info',
  message: 'API Request'
}
{
  method: 'GET',
  url: '/api/v1/users/login',
  data: {
    ip: '::1',
    userAgent: 'PostmanRuntime/7.44.1',
    body: undefined,
    query: {},
    params: {},
    statusCode: 401,
    responseTime: '13ms'
  },
  userId: 'anonymous',
  timestamp: '2025-06-27 14:50:43',
  level: 'info',
  message: 'API Request'
}
{
  method: 'POST',
  url: '/api/v1/users/login',
  data: {
    ip: '::1',
    userAgent: 'PostmanRuntime/7.44.1',
    body: { email: 'admin@example.com', password: 'admin123' },
    query: {},
    params: {}
  },
  userId: 'anonymous',
  timestamp: '2025-06-27 14:51:18',
  level: 'info',
  message: 'API Request'
}
{
  method: 'POST',
  url: '/api/v1/users/login',
  data: {
    ip: '::1',
    userAgent: 'PostmanRuntime/7.44.1',
    body: { email: 'admin@example.com', password: 'admin123' },
    query: {},
    params: {},
    statusCode: 401,
    responseTime: '299ms'
  },
  userId: 'anonymous',
  timestamp: '2025-06-27 14:51:19',
  level: 'info',
  message: 'API Request'
}
{
  method: 'POST',
  url: '/api/v1/users/login',
  data: {
    ip: '::1',
    userAgent: 'PostmanRuntime/7.44.1',
    body: { email: 'admin@example.com', password: 'admin123' },
    query: {},
    params: {}
  },
  userId: 'anonymous',
  timestamp: '2025-06-27 14:51:43',
  level: 'info',
  message: 'API Request'
}
{
  method: 'POST',
  url: '/api/v1/users/login',
  data: {
    ip: '::1',
    userAgent: 'PostmanRuntime/7.44.1',
    body: { email: 'admin@example.com', password: 'admin123' },
    query: {},
    params: {},
    statusCode: 401,
    responseTime: '20ms'
  },
  userId: 'anonymous',
  timestamp: '2025-06-27 14:51:43',
  level: 'info',
  message: 'API Request'
}
{
  method: 'POST',
  url: '/api/v1/users/login',
  data: {
    ip: '::1',
    userAgent: 'PostmanRuntime/7.44.1',
    body: { email: 'admin@example.com', password: 'admin123' },
    query: {},
    params: {}
  },
  userId: 'anonymous',
  timestamp: '2025-06-27 14:51:48',
  level: 'info',
  message: 'API Request'
}
{
  method: 'POST',
  url: '/api/v1/users/login',
  data: {
    ip: '::1',
    userAgent: 'PostmanRuntime/7.44.1',
    body: { email: 'admin@example.com', password: 'admin123' },
    query: {},
    params: {},
    statusCode: 401,
    responseTime: '19ms'
  },
  userId: 'anonymous',
  timestamp: '2025-06-27 14:51:48',
  level: 'info',
  message: 'API Request'
}
{
  method: 'POST',
  url: '/api/v1/users/login',
  data: {
    ip: '::1',
    userAgent: 'PostmanRuntime/7.44.1',
    body: { email: 'admin@example.com', password: 'admin123' },
    query: {},
    params: {}
  },
  userId: 'anonymous',
  timestamp: '2025-06-27 14:52:42',
  level: 'info',
  message: 'API Request'
}
{
  method: 'POST',
  url: '/api/v1/users/login',
  data: {
    ip: '::1',
    userAgent: 'PostmanRuntime/7.44.1',
    body: { email: 'admin@example.com', password: 'admin123' },
    query: {},
    params: {},
    statusCode: 401,
    responseTime: '277ms'
  },
  userId: 'anonymous',
  timestamp: '2025-06-27 14:52:42',
  level: 'info',
  message: 'API Request'
}
{
  method: 'POST',
  url: '/api/v1/users/login',
  data: {
    ip: '::1',
    userAgent: 'PostmanRuntime/7.44.1',
    body: { email: 'admin@example.com', password: 'admin123' },
    query: {},
    params: {}
  },
  userId: 'anonymous',
  timestamp: '2025-06-27 14:55:04',
  level: 'info',
  message: 'API Request'
}
{
  method: 'POST',
  url: '/api/v1/users/login',
  data: {
    ip: '::1',
    userAgent: 'PostmanRuntime/7.44.1',
    body: { email: 'admin@example.com', password: 'admin123' },
    query: {},
    params: {},
    statusCode: 401,
    responseTime: '307ms'
  },
  userId: 'anonymous',
  timestamp: '2025-06-27 14:55:04',
  level: 'info',
  message: 'API Request'
}
{
  method: 'POST',
  url: '/api/v1/users/login',
  data: {
    ip: '::1',
    userAgent: 'PostmanRuntime/7.44.1',
    body: { email: 'admin@example.com', password: 'admin123' },
    query: {},
    params: {}
  },
  userId: 'anonymous',
  timestamp: '2025-06-27 14:57:45',
  level: 'info',
  message: 'API Request'
}
{
  method: 'POST',
  url: '/api/v1/users/login',
  data: {
    ip: '::1',
    userAgent: 'PostmanRuntime/7.44.1',
    body: { email: 'admin@example.com', password: 'admin123' },
    query: {},
    params: {},
    statusCode: 401,
    responseTime: '321ms'
  },
  userId: 'anonymous',
  timestamp: '2025-06-27 14:57:46',
  level: 'info',
  message: 'API Request'
}
{
  method: 'POST',
  url: '/api/v1/users/login',
  data: {
    ip: '::1',
    userAgent: 'PostmanRuntime/7.44.1',
    body: { email: 'admin@example.com', password: 'admin123' },
    query: {},
    params: {}
  },
  userId: 'anonymous',
  timestamp: '2025-06-27 14:58:25',
  level: 'info',
  message: 'API Request'
}
{
  method: 'POST',
  url: '/api/v1/users/login',
  data: {
    ip: '::1',
    userAgent: 'PostmanRuntime/7.44.1',
    body: { email: 'admin@example.com', password: 'admin123' },
    query: {},
    params: {},
    statusCode: 401,
    responseTime: '313ms'
  },
  userId: 'anonymous',
  timestamp: '2025-06-27 14:58:25',
  level: 'info',
  message: 'API Request'
}
{
  method: 'POST',
  url: '/api/v1/users/login',
  data: {
    ip: '::1',
    userAgent: 'PostmanRuntime/7.44.1',
    body: { email: 'admin@example.com', password: 'admin123' },
    query: {},
    params: {}
  },
  userId: 'anonymous',
  timestamp: '2025-06-27 14:59:26',
  level: 'info',
  message: 'API Request'
}
{
  method: 'POST',
  url: '/api/v1/users/login',
  data: {
    ip: '::1',
    userAgent: 'PostmanRuntime/7.44.1',
    body: { email: 'admin@example.com', password: 'admin123' },
    query: {},
    params: {},
    statusCode: 401,
    responseTime: '335ms'
  },
  userId: 'anonymous',
  timestamp: '2025-06-27 14:59:26',
  level: 'info',
  message: 'API Request'
}
{
  method: 'POST',
  url: '/api/v1/users/login',
  data: {
    ip: '::1',
    userAgent: 'PostmanRuntime/7.44.1',
    body: { email: 'admin@example.com', password: 'admin123' },
    query: {},
    params: {}
  },
  userId: 'anonymous',
  timestamp: '2025-06-27 14:59:41',
  level: 'info',
  message: 'API Request'
}
{
  method: 'POST',
  url: '/api/v1/users/login',
  data: {
    ip: '::1',
    userAgent: 'PostmanRuntime/7.44.1',
    body: { email: 'admin@example.com', password: 'admin123' },
    query: {},
    params: {},
    statusCode: 401,
    responseTime: '312ms'
  },
  userId: 'anonymous',
  timestamp: '2025-06-27 14:59:41',
  level: 'info',
  message: 'API Request'
}
{
  method: 'POST',
  url: '/api/v1/users/login',
  data: {
    ip: '::1',
    userAgent: 'PostmanRuntime/7.44.1',
    body: { email: 'admin@example.com', password: 'admin123' },
    query: {},
    params: {}
  },
  userId: 'anonymous',
  timestamp: '2025-06-27 14:59:50',
  level: 'info',
  message: 'API Request'
}
{
  method: 'POST',
  url: '/api/v1/users/login',
  data: {
    ip: '::1',
    userAgent: 'PostmanRuntime/7.44.1',
    body: { email: 'admin@example.com', password: 'admin123' },
    query: {},
    params: {},
    statusCode: 401,
    responseTime: '332ms'
  },
  userId: 'anonymous',
  timestamp: '2025-06-27 14:59:50',
  level: 'info',
  message: 'API Request'
}
{
  method: 'POST',
  url: '/api/v1/users/login',
  data: {
    ip: '::1',
    userAgent: 'PostmanRuntime/7.44.1',
    body: { email: 'admin@example.com', password: 'admin123' },
    query: {},
    params: {}
  },
  userId: 'anonymous',
  timestamp: '2025-06-27 15:01:10',
  level: 'info',
  message: 'API Request'
}
{
  method: 'POST',
  url: '/api/v1/users/login',
  data: {
    ip: '::1',
    userAgent: 'PostmanRuntime/7.44.1',
    body: { email: 'admin@example.com', password: 'admin123' },
    query: {},
    params: {},
    statusCode: 401,
    responseTime: '280ms'
  },
  userId: 'anonymous',
  timestamp: '2025-06-27 15:01:10',
  level: 'info',
  message: 'API Request'
}
{
  method: 'POST',
  url: '/api/v1/users/login',
  data: {
    ip: '::1',
    userAgent: 'PostmanRuntime/7.44.1',
    body: { email: 'admin@example.com', password: 'admin123' },
    query: {},
    params: {}
  },
  userId: 'anonymous',
  timestamp: '2025-06-27 15:01:57',
  level: 'info',
  message: 'API Request'
}
{
  method: 'POST',
  url: '/api/v1/users/login',
  data: {
    ip: '::1',
    userAgent: 'PostmanRuntime/7.44.1',
    body: { email: 'admin@example.com', password: 'admin123' },
    query: {},
    params: {},
    statusCode: 401,
    responseTime: '302ms'
  },
  userId: 'anonymous',
  timestamp: '2025-06-27 15:01:58',
  level: 'info',
  message: 'API Request'
}
{
  method: 'POST',
  url: '/api/v1/users/login',
  data: {
    ip: '::1',
    userAgent: 'PostmanRuntime/7.44.1',
    body: { email: 'admin@example.com', password: 'admin123' },
    query: {},
    params: {}
  },
  userId: 'anonymous',
  timestamp: '2025-06-27 15:02:31',
  level: 'info',
  message: 'API Request'
}
{
  method: 'POST',
  url: '/api/v1/users/login',
  data: {
    ip: '::1',
    userAgent: 'PostmanRuntime/7.44.1',
    body: { email: 'admin@example.com', password: 'admin123' },
    query: {},
    params: {},
    statusCode: 401,
    responseTime: '327ms'
  },
  userId: 'anonymous',
  timestamp: '2025-06-27 15:02:31',
  level: 'info',
  message: 'API Request'
}
{
  method: 'POST',
  url: '/api/v1/users/login',
  data: {
    ip: '::1',
    userAgent: 'PostmanRuntime/7.44.1',
    body: { email: 'admin@example.com', password: 'admin123' },
    query: {},
    params: {}
  },
  userId: 'anonymous',
  timestamp: '2025-06-27 16:00:59',
  level: 'info',
  message: 'API Request'
}
{
  method: 'POST',
  url: '/api/v1/users/login',
  data: {
    ip: '::1',
    userAgent: 'PostmanRuntime/7.44.1',
    body: { email: 'admin@example.com', password: 'admin123' },
    query: {},
    params: {},
    statusCode: 401,
    responseTime: '68ms'
  },
  userId: 'anonymous',
  timestamp: '2025-06-27 16:00:59',
  level: 'info',
  message: 'API Request'
}
{
  method: 'POST',
  url: '/api/v1/users/login',
  data: {
    ip: '::1',
    userAgent: 'PostmanRuntime/7.44.1',
    body: { email: 'admin@example.com', password: 'admin123' },
    query: {},
    params: {}
  },
  userId: 'anonymous',
  timestamp: '2025-06-27 16:01:13',
  level: 'info',
  message: 'API Request'
}
{
  method: 'POST',
  url: '/api/v1/users/login',
  data: {
    ip: '::1',
    userAgent: 'PostmanRuntime/7.44.1',
    body: { email: 'admin@example.com', password: 'admin123' },
    query: {},
    params: {},
    statusCode: 401,
    responseTime: '324ms'
  },
  userId: 'anonymous',
  timestamp: '2025-06-27 16:01:14',
  level: 'info',
  message: 'API Request'
}
{
  method: 'POST',
  url: '/api/v1/users/login',
  data: {
    ip: '::1',
    userAgent: 'PostmanRuntime/7.44.1',
    body: { email: 'admin@example.com', password: 'admin123' },
    query: {},
    params: {}
  },
  userId: 'anonymous',
  timestamp: '2025-06-27 16:02:27',
  level: 'info',
  message: 'API Request'
}
{
  method: 'POST',
  url: '/api/v1/users/login',
  data: {
    ip: '::1',
    userAgent: 'PostmanRuntime/7.44.1',
    body: { email: 'admin@example.com', password: 'admin123' },
    query: {},
    params: {},
    statusCode: 401,
    responseTime: '308ms'
  },
  userId: 'anonymous',
  timestamp: '2025-06-27 16:02:27',
  level: 'info',
  message: 'API Request'
}
{
  method: 'POST',
  url: '/api/v1/users/login',
  data: {
    ip: '::1',
    userAgent: 'PostmanRuntime/7.44.1',
    body: { email: 'admin@example.com', password: 'admin123' },
    query: {},
    params: {}
  },
  userId: 'anonymous',
  timestamp: '2025-06-27 16:03:40',
  level: 'info',
  message: 'API Request'
}
{
  method: 'POST',
  url: '/api/v1/users/login',
  data: {
    ip: '::1',
    userAgent: 'PostmanRuntime/7.44.1',
    body: { email: 'admin@example.com', password: 'admin123' },
    query: {},
    params: {},
    statusCode: 401,
    responseTime: '516ms'
  },
  userId: 'anonymous',
  timestamp: '2025-06-27 16:03:41',
  level: 'info',
  message: 'API Request'
}
{
  method: 'POST',
  url: '/api/v1/users/login',
  data: {
    ip: '::1',
    userAgent: 'PostmanRuntime/7.44.1',
    body: { email: 'admin@example.com', password: 'admin123' },
    query: {},
    params: {}
  },
  userId: 'anonymous',
  timestamp: '2025-06-27 16:04:30',
  level: 'info',
  message: 'API Request'
}
{
  method: 'POST',
  url: '/api/v1/users/login',
  data: {
    ip: '::1',
    userAgent: 'PostmanRuntime/7.44.1',
    body: { email: 'admin@example.com', password: 'admin123' },
    query: {},
    params: {},
    statusCode: 401,
    responseTime: '466ms'
  },
  userId: 'anonymous',
  timestamp: '2025-06-27 16:04:31',
  level: 'info',
  message: 'API Request'
}
{
  method: 'POST',
  url: '/api/v1/users/login',
  data: {
    ip: '::1',
    userAgent: 'PostmanRuntime/7.44.1',
    body: { email: 'admin@example.com', password: 'admin123' },
    query: {},
    params: {}
  },
  userId: 'anonymous',
  timestamp: '2025-06-27 16:04:44',
  level: 'info',
  message: 'API Request'
}
{
  method: 'POST',
  url: '/api/v1/users/login',
  data: {
    ip: '::1',
    userAgent: 'PostmanRuntime/7.44.1',
    body: { email: 'admin@example.com', password: 'admin123' },
    query: {},
    params: {},
    statusCode: 401,
    responseTime: '488ms'
  },
  userId: 'anonymous',
  timestamp: '2025-06-27 16:04:45',
  level: 'info',
  message: 'API Request'
}
{
  method: 'POST',
  url: '/api/v1/users/login',
  data: {
    ip: '::1',
    userAgent: 'PostmanRuntime/7.44.1',
    body: { email: 'admin@example.com', password: 'admin123' },
    query: {},
    params: {}
  },
  userId: 'anonymous',
  timestamp: '2025-06-27 16:05:03',
  level: 'info',
  message: 'API Request'
}
{
  method: 'POST',
  url: '/api/v1/users/login',
  data: {
    ip: '::1',
    userAgent: 'PostmanRuntime/7.44.1',
    body: { email: 'admin@example.com', password: 'admin123' },
    query: {},
    params: {},
    statusCode: 401,
    responseTime: '502ms'
  },
  userId: 'anonymous',
  timestamp: '2025-06-27 16:05:04',
  level: 'info',
  message: 'API Request'
}
{
  method: 'POST',
  url: '/api/v1/users/login',
  data: {
    ip: '::1',
    userAgent: 'PostmanRuntime/7.44.1',
    body: { email: 'admin@example.com', password: 'admin123' },
    query: {},
    params: {}
  },
  userId: 'anonymous',
  timestamp: '2025-06-27 16:05:37',
  level: 'info',
  message: 'API Request'
}
{
  method: 'POST',
  url: '/api/v1/users/login',
  data: {
    ip: '::1',
    userAgent: 'PostmanRuntime/7.44.1',
    body: { email: 'admin@example.com', password: 'admin123' },
    query: {},
    params: {},
    statusCode: 401,
    responseTime: '515ms'
  },
  userId: 'anonymous',
  timestamp: '2025-06-27 16:05:37',
  level: 'info',
  message: 'API Request'
}
{
  method: 'POST',
  url: '/api/v1/users/login',
  data: {
    ip: '::1',
    userAgent: 'PostmanRuntime/7.44.1',
    body: { email: 'admin@example.com', password: 'admin123' },
    query: {},
    params: {}
  },
  userId: 'anonymous',
  timestamp: '2025-06-27 16:05:49',
  level: 'info',
  message: 'API Request'
}
{
  method: 'POST',
  url: '/api/v1/users/login',
  data: {
    ip: '::1',
    userAgent: 'PostmanRuntime/7.44.1',
    body: { email: 'admin@example.com', password: 'admin123' },
    query: {},
    params: {},
    statusCode: 401,
    responseTime: '538ms'
  },
  userId: 'anonymous',
  timestamp: '2025-06-27 16:05:50',
  level: 'info',
  message: 'API Request'
}
{
  method: 'POST',
  url: '/api/v1/users/login',
  data: {
    ip: '::1',
    userAgent: 'PostmanRuntime/7.44.1',
    body: { email: 'admin@example.com', password: 'admin123' },
    query: {},
    params: {}
  },
  userId: 'anonymous',
  timestamp: '2025-06-27 16:07:10',
  level: 'info',
  message: 'API Request'
}
{
  method: 'POST',
  url: '/api/v1/users/login',
  data: {
    ip: '::1',
    userAgent: 'PostmanRuntime/7.44.1',
    body: { email: 'admin@example.com', password: 'admin123' },
    query: {},
    params: {},
    statusCode: 401,
    responseTime: '791ms'
  },
  userId: 'anonymous',
  timestamp: '2025-06-27 16:07:11',
  level: 'info',
  message: 'API Request'
}
{
  method: 'POST',
  url: '/api/v1/users/login',
  data: {
    ip: '::1',
    userAgent: 'PostmanRuntime/7.44.1',
    body: { email: 'admin@example.com', password: 'admin123' },
    query: {},
    params: {}
  },
  userId: 'anonymous',
  timestamp: '2025-06-27 16:07:35',
  level: 'info',
  message: 'API Request'
}
{
  method: 'POST',
  url: '/api/v1/users/login',
  data: {
    ip: '::1',
    userAgent: 'PostmanRuntime/7.44.1',
    body: { email: 'admin@example.com', password: 'admin123' },
    query: {},
    params: {},
    statusCode: 401,
    responseTime: '797ms'
  },
  userId: 'anonymous',
  timestamp: '2025-06-27 16:07:36',
  level: 'info',
  message: 'API Request'
}
{
  method: 'POST',
  url: '/api/v1/users/login',
  data: {
    ip: '::1',
    userAgent: 'PostmanRuntime/7.44.1',
    body: { email: 'admin@example.com', password: 'admin123' },
    query: {},
    params: {}
  },
  userId: 'anonymous',
  timestamp: '2025-06-27 16:08:38',
  level: 'info',
  message: 'API Request'
}
{
  method: 'POST',
  url: '/api/v1/users/login',
  data: {
    ip: '::1',
    userAgent: 'PostmanRuntime/7.44.1',
    body: { email: 'admin@example.com', password: 'admin123' },
    query: {},
    params: {},
    statusCode: 401,
    responseTime: '793ms'
  },
  userId: 'anonymous',
  timestamp: '2025-06-27 16:08:39',
  level: 'info',
  message: 'API Request'
}
{
  method: 'POST',
  url: '/api/v1/users/login',
  data: {
    ip: '::1',
    userAgent: 'PostmanRuntime/7.44.1',
    body: { email: 'admin@example.com', password: 'admin123' },
    query: {},
    params: {}
  },
  userId: 'anonymous',
  timestamp: '2025-06-27 16:09:48',
  level: 'info',
  message: 'API Request'
}
{
  method: 'POST',
  url: '/api/v1/users/login',
  data: {
    ip: '::1',
    userAgent: 'PostmanRuntime/7.44.1',
    body: { email: 'admin@example.com', password: 'admin123' },
    query: {},
    params: {},
    statusCode: 401,
    responseTime: '346ms'
  },
  userId: 'anonymous',
  timestamp: '2025-06-27 16:09:49',
  level: 'info',
  message: 'API Request'
}
{
  method: 'POST',
  url: '/api/v1/users/login',
  data: {
    ip: '::1',
    userAgent: 'PostmanRuntime/7.44.1',
    body: { email: 'admin@example.com', password: 'admin123' },
    query: {},
    params: {}
  },
  userId: 'anonymous',
  timestamp: '2025-06-27 16:10:55',
  level: 'info',
  message: 'API Request'
}
{
  method: 'POST',
  url: '/api/v1/users/login',
  data: {
    ip: '::1',
    userAgent: 'PostmanRuntime/7.44.1',
    body: { email: 'admin@example.com', password: 'admin123' },
    query: {},
    params: {},
    statusCode: 401,
    responseTime: '554ms'
  },
  userId: 'anonymous',
  timestamp: '2025-06-27 16:10:56',
  level: 'info',
  message: 'API Request'
}
{
  method: 'POST',
  url: '/api/v1/users/login',
  data: {
    ip: '::1',
    userAgent: 'PostmanRuntime/7.44.1',
    body: { email: 'admin@example.com', password: 'admin123' },
    query: {},
    params: {}
  },
  userId: 'anonymous',
  timestamp: '2025-06-27 16:13:41',
  level: 'info',
  message: 'API Request'
}
{
  method: 'POST',
  url: '/api/v1/users/login',
  data: {
    ip: '::1',
    userAgent: 'PostmanRuntime/7.44.1',
    body: { email: 'admin@example.com', password: 'admin123' },
    query: {},
    params: {},
    statusCode: 401,
    responseTime: '568ms'
  },
  userId: 'anonymous',
  timestamp: '2025-06-27 16:13:41',
  level: 'info',
  message: 'API Request'
}
{
  method: 'POST',
  url: '/api/v1/users/login',
  data: {
    ip: '::1',
    userAgent: 'PostmanRuntime/7.44.1',
    body: { email: 'admin@example.com', password: 'admin123' },
    query: {},
    params: {}
  },
  userId: 'anonymous',
  timestamp: '2025-06-27 16:14:25',
  level: 'info',
  message: 'API Request'
}
{
  method: 'POST',
  url: '/api/v1/users/login',
  data: {
    ip: '::1',
    userAgent: 'PostmanRuntime/7.44.1',
    body: { email: 'admin@example.com', password: 'admin123' },
    query: {},
    params: {},
    statusCode: 401,
    responseTime: '553ms'
  },
  userId: 'anonymous',
  timestamp: '2025-06-27 16:14:25',
  level: 'info',
  message: 'API Request'
}
{
  method: 'POST',
  url: '/api/v1/users/register',
  data: {
    ip: '::1',
    userAgent: 'PostmanRuntime/7.44.1',
    body: {
      email: 'user@example.com',
      password: 'password123',
      firstName: 'John',
      lastName: 'Doe'
    },
    query: {},
    params: {}
  },
  userId: 'anonymous',
  timestamp: '2025-06-27 16:15:24',
  level: 'info',
  message: 'API Request'
}
{
  method: 'POST',
  url: '/api/v1/users/register',
  data: {
    ip: '::1',
    userAgent: 'PostmanRuntime/7.44.1',
    body: {
      email: 'user@example.com',
      password: 'password123',
      firstName: 'John',
      lastName: 'Doe'
    },
    query: {},
    params: {},
    statusCode: 500,
    responseTime: '373ms'
  },
  userId: 'anonymous',
  timestamp: '2025-06-27 16:15:25',
  level: 'info',
  message: 'API Request'
}
{
  method: 'POST',
  url: '/api/v1/users/register',
  data: {
    ip: '::1',
    userAgent: 'PostmanRuntime/7.44.1',
    body: {
      email: 'user@example.com',
      password: 'password123',
      firstName: 'John',
      lastName: 'Doe'
    },
    query: {},
    params: {}
  },
  userId: 'anonymous',
  timestamp: '2025-06-27 16:16:41',
  level: 'info',
  message: 'API Request'
}
{
  method: 'POST',
  url: '/api/v1/users/register',
  data: {
    ip: '::1',
    userAgent: 'PostmanRuntime/7.44.1',
    body: {
      email: 'user@example.com',
      password: 'password123',
      firstName: 'John',
      lastName: 'Doe'
    },
    query: {},
    params: {},
    statusCode: 500,
    responseTime: '334ms'
  },
  userId: 'anonymous',
  timestamp: '2025-06-27 16:16:41',
  level: 'info',
  message: 'API Request'
}
{
  method: 'POST',
  url: '/api/v1/users/register',
  data: {
    ip: '::1',
    userAgent: 'PostmanRuntime/7.44.1',
    body: {
      email: 'user@example.com',
      password: 'password123',
      firstName: 'John',
      lastName: 'Doe'
    },
    query: {},
    params: {}
  },
  userId: 'anonymous',
  timestamp: '2025-06-27 16:18:01',
  level: 'info',
  message: 'API Request'
}
{
  method: 'POST',
  url: '/api/v1/users/register',
  data: {
    ip: '::1',
    userAgent: 'PostmanRuntime/7.44.1',
    body: {
      email: 'user@example.com',
      password: 'password123',
      firstName: 'John',
      lastName: 'Doe'
    },
    query: {},
    params: {},
    statusCode: 500,
    responseTime: '357ms'
  },
  userId: 'anonymous',
  timestamp: '2025-06-27 16:18:01',
  level: 'info',
  message: 'API Request'
}
{
  method: 'POST',
  url: '/api/v1/users/register',
  data: {
    ip: '::1',
    userAgent: 'PostmanRuntime/7.44.1',
    body: {
      email: 'user@example.com',
      password: 'password123',
      firstName: 'John',
      lastName: 'Doe'
    },
    query: {},
    params: {}
  },
  userId: 'anonymous',
  timestamp: '2025-06-27 16:18:31',
  level: 'info',
  message: 'API Request'
}
{
  method: 'POST',
  url: '/api/v1/users/register',
  data: {
    ip: '::1',
    userAgent: 'PostmanRuntime/7.44.1',
    body: {
      email: 'user@example.com',
      password: 'password123',
      firstName: 'John',
      lastName: 'Doe'
    },
    query: {},
    params: {},
    statusCode: 500,
    responseTime: '335ms'
  },
  userId: 'anonymous',
  timestamp: '2025-06-27 16:18:31',
  level: 'info',
  message: 'API Request'
}
{
  method: 'POST',
  url: '/api/v1/users/register',
  data: {
    ip: '::1',
    userAgent: 'PostmanRuntime/7.44.1',
    body: {
      email: 'user@example.com',
      password: 'password123',
      firstName: 'John',
      lastName: 'Doe'
    },
    query: {},
    params: {}
  },
  userId: 'anonymous',
  timestamp: '2025-06-27 16:19:01',
  level: 'info',
  message: 'API Request'
}
{
  method: 'POST',
  url: '/api/v1/users/register',
  data: {
    ip: '::1',
    userAgent: 'PostmanRuntime/7.44.1',
    body: {
      email: 'user@example.com',
      password: 'password123',
      firstName: 'John',
      lastName: 'Doe'
    },
    query: {},
    params: {},
    statusCode: 500,
    responseTime: '436ms'
  },
  userId: 'anonymous',
  timestamp: '2025-06-27 16:19:02',
  level: 'info',
  message: 'API Request'
}
{
  method: 'POST',
  url: '/api/v1/users/register',
  data: {
    ip: '::1',
    userAgent: 'PostmanRuntime/7.44.1',
    body: {
      email: 'user@example.com',
      password: 'password123',
      firstName: 'John',
      lastName: 'Doe'
    },
    query: {},
    params: {}
  },
  userId: 'anonymous',
  timestamp: '2025-06-27 16:19:18',
  level: 'info',
  message: 'API Request'
}
{
  method: 'POST',
  url: '/api/v1/users/register',
  data: {
    ip: '::1',
    userAgent: 'PostmanRuntime/7.44.1',
    body: {
      email: 'user@example.com',
      password: 'password123',
      firstName: 'John',
      lastName: 'Doe'
    },
    query: {},
    params: {},
    statusCode: 409,
    responseTime: '63ms'
  },
  userId: 'anonymous',
  timestamp: '2025-06-27 16:19:19',
  level: 'info',
  message: 'API Request'
}
{
  method: 'POST',
  url: '/api/v1/users/register',
  data: {
    ip: '::1',
    userAgent: 'PostmanRuntime/7.44.1',
    body: {
      email: 'user@example.com',
      password: 'password123',
      firstName: 'John',
      lastName: 'Doe'
    },
    query: {},
    params: {}
  },
  userId: 'anonymous',
  timestamp: '2025-06-27 16:20:00',
  level: 'info',
  message: 'API Request'
}
{
  method: 'POST',
  url: '/api/v1/users/register',
  data: {
    ip: '::1',
    userAgent: 'PostmanRuntime/7.44.1',
    body: {
      email: 'user@example.com',
      password: 'password123',
      firstName: 'John',
      lastName: 'Doe'
    },
    query: {},
    params: {},
    statusCode: 500,
    responseTime: '415ms'
  },
  userId: 'anonymous',
  timestamp: '2025-06-27 16:20:00',
  level: 'info',
  message: 'API Request'
}
{
  method: 'POST',
  url: '/api/v1/users/register',
  data: {
    ip: '::1',
    userAgent: 'PostmanRuntime/7.44.1',
    body: {
      email: 'user@a.com',
      password: 'password123',
      firstName: 'John',
      lastName: 'Doe'
    },
    query: {},
    params: {}
  },
  userId: 'anonymous',
  timestamp: '2025-06-27 16:21:21',
  level: 'info',
  message: 'API Request'
}
{
  method: 'POST',
  url: '/api/v1/users/register',
  data: {
    ip: '::1',
    userAgent: 'PostmanRuntime/7.44.1',
    body: {
      email: 'user@a.com',
      password: 'password123',
      firstName: 'John',
      lastName: 'Doe'
    },
    query: {},
    params: {},
    statusCode: 500,
    responseTime: '394ms'
  },
  userId: 'anonymous',
  timestamp: '2025-06-27 16:21:21',
  level: 'info',
  message: 'API Request'
}
{
  method: 'POST',
  url: '/api/v1/users/register',
  data: {
    ip: '::1',
    userAgent: 'PostmanRuntime/7.44.1',
    body: {
      email: 'user@a.com',
      password: 'password123',
      firstName: 'John',
      lastName: 'Doe'
    },
    query: {},
    params: {}
  },
  userId: 'anonymous',
  timestamp: '2025-06-27 16:22:10',
  level: 'info',
  message: 'API Request'
}
{
  method: 'POST',
  url: '/api/v1/users/register',
  data: {
    ip: '::1',
    userAgent: 'PostmanRuntime/7.44.1',
    body: {
      email: 'user@a.com',
      password: 'password123',
      firstName: 'John',
      lastName: 'Doe'
    },
    query: {},
    params: {},
    statusCode: 409,
    responseTime: '48ms'
  },
  userId: 'anonymous',
  timestamp: '2025-06-27 16:22:10',
  level: 'info',
  message: 'API Request'
}
{
  method: 'POST',
  url: '/api/v1/users/register',
  data: {
    ip: '::1',
    userAgent: 'PostmanRuntime/7.44.1',
    body: {
      email: 'user@a.com',
      password: 'password123',
      firstName: 'John',
      lastName: 'Doe'
    },
    query: {},
    params: {}
  },
  userId: 'anonymous',
  timestamp: '2025-06-27 16:22:28',
  level: 'info',
  message: 'API Request'
}
{
  method: 'POST',
  url: '/api/v1/users/register',
  data: {
    ip: '::1',
    userAgent: 'PostmanRuntime/7.44.1',
    body: {
      email: 'user@a.com',
      password: 'password123',
      firstName: 'John',
      lastName: 'Doe'
    },
    query: {},
    params: {},
    statusCode: 500,
    responseTime: '341ms'
  },
  userId: 'anonymous',
  timestamp: '2025-06-27 16:22:29',
  level: 'info',
  message: 'API Request'
}
{
  method: 'POST',
  url: '/api/v1/users/register',
  data: {
    ip: '::1',
    userAgent: 'PostmanRuntime/7.44.1',
    body: {
      email: 'user@a.com',
      password: 'password123',
      firstName: 'John',
      lastName: 'Doe'
    },
    query: {},
    params: {}
  },
  userId: 'anonymous',
  timestamp: '2025-06-27 16:24:42',
  level: 'info',
  message: 'API Request'
}
{
  method: 'POST',
  url: '/api/v1/users/register',
  data: {
    ip: '::1',
    userAgent: 'PostmanRuntime/7.44.1',
    body: {
      email: 'user@a.com',
      password: 'password123',
      firstName: 'John',
      lastName: 'Doe'
    },
    query: {},
    params: {},
    statusCode: 409,
    responseTime: '47ms'
  },
  userId: 'anonymous',
  timestamp: '2025-06-27 16:24:42',
  level: 'info',
  message: 'API Request'
}
{
  method: 'POST',
  url: '/api/v1/users/register',
  data: {
    ip: '::1',
    userAgent: 'PostmanRuntime/7.44.1',
    body: {
      email: 'usfer@a.com',
      password: 'password123',
      firstName: 'John',
      lastName: 'Doe'
    },
    query: {},
    params: {}
  },
  userId: 'anonymous',
  timestamp: '2025-06-27 16:24:48',
  level: 'info',
  message: 'API Request'
}
{
  method: 'POST',
  url: '/api/v1/users/register',
  data: {
    ip: '::1',
    userAgent: 'PostmanRuntime/7.44.1',
    body: {
      email: 'usfer@a.com',
      password: 'password123',
      firstName: 'John',
      lastName: 'Doe'
    },
    query: {},
    params: {},
    statusCode: 500,
    responseTime: '342ms'
  },
  userId: 'anonymous',
  timestamp: '2025-06-27 16:24:48',
  level: 'info',
  message: 'API Request'
}
{
  method: 'POST',
  url: '/api/v1/users/register',
  data: {
    ip: '::1',
    userAgent: 'PostmanRuntime/7.44.1',
    body: {
      email: 'usfer@a.com',
      password: 'password123',
      firstName: 'John',
      lastName: 'Doe'
    },
    query: {},
    params: {}
  },
  userId: 'anonymous',
  timestamp: '2025-06-27 16:26:24',
  level: 'info',
  message: 'API Request'
}
{
  method: 'POST',
  url: '/api/v1/users/register',
  data: {
    ip: '::1',
    userAgent: 'PostmanRuntime/7.44.1',
    body: {
      email: 'usfer@a.com',
      password: 'password123',
      firstName: 'John',
      lastName: 'Doe'
    },
    query: {},
    params: {},
    statusCode: 409,
    responseTime: '53ms'
  },
  userId: 'anonymous',
  timestamp: '2025-06-27 16:26:24',
  level: 'info',
  message: 'API Request'
}
{
  method: 'POST',
  url: '/api/v1/users/register',
  data: {
    ip: '::1',
    userAgent: 'PostmanRuntime/7.44.1',
    body: {
      email: 'usfer@a.com',
      password: 'password123',
      firstName: 'John',
      lastName: 'Doe'
    },
    query: {},
    params: {}
  },
  userId: 'anonymous',
  timestamp: '2025-06-27 16:26:51',
  level: 'info',
  message: 'API Request'
}
{
  method: 'POST',
  url: '/api/v1/users/register',
  data: {
    ip: '::1',
    userAgent: 'PostmanRuntime/7.44.1',
    body: {
      email: 'usfer@a.com',
      password: 'password123',
      firstName: 'John',
      lastName: 'Doe'
    },
    query: {},
    params: {},
    statusCode: 201,
    responseTime: '315ms'
  },
  userId: 'anonymous',
  timestamp: '2025-06-27 16:26:52',
  level: 'info',
  message: 'API Request'
}
{
  method: 'POST',
  url: '/api/v1/users/login',
  data: {
    ip: '::1',
    userAgent: 'PostmanRuntime/7.44.1',
    body: { email: 'usfer@a.com', password: 'password123' },
    query: {},
    params: {}
  },
  userId: 'anonymous',
  timestamp: '2025-06-27 16:27:46',
  level: 'info',
  message: 'API Request'
}
{
  method: 'POST',
  url: '/api/v1/users/login',
  data: {
    ip: '::1',
    userAgent: 'PostmanRuntime/7.44.1',
    body: { email: 'usfer@a.com', password: 'password123' },
    query: {},
    params: {},
    statusCode: 200,
    responseTime: '275ms'
  },
  userId: 'anonymous',
  timestamp: '2025-06-27 16:27:46',
  level: 'info',
  message: 'API Request'
}
